<?xml version="1.0" encoding="UTF-8"?>
<!-- Generated by org.testng.reporters.JUnitXMLReporter -->
<testsuite hostname="DIBYA" failures="0" tests="4" name="Nopackage" time="102.53" errors="0" timestamp="16 Mar 2023 14:55:00 GMT">
  <testcase classname="com.hrms.testscripts.TC001" name="tc001" time="16.175"/>
  <testcase classname="com.hrms.testscripts.TC002" name="tc002" time="39.835"/>
  <testcase classname="com.hrms.testscripts.TC003" name="tc003" time="33.037"/>
  <testcase classname="com.hrms.testscripts.TC004" name="tc004" time="13.462"/>
</testsuite> <!-- Nopackage -->
