<?xml version="1.0" encoding="UTF-8"?>
<!-- Generated by org.testng.reporters.JUnitXMLReporter -->
<testsuite hostname="DIBYA" failures="0" tests="4" name="Regression1" time="98.149" errors="0" timestamp="20 Mar 2023 16:36:08 GMT">
  <testcase classname="com.hrms.testscripts.TC001" name="tc001" time="13.527"/>
  <testcase classname="com.hrms.testscripts.TC002" name="tc002" time="38.815"/>
  <testcase classname="com.hrms.testscripts.TC003" name="tc003" time="32.698"/>
  <testcase classname="com.hrms.testscripts.TC004" name="tc004" time="13.109"/>
</testsuite> <!-- Regression1 -->
