<?xml version="1.0" encoding="UTF-8"?>
<testng-results total="2" passed="2" failed="0" skipped="0">
  <reporter-output>
    <line>
      <![CDATA[Opened google page in Chrome browser ]]>
    </line>
    <line>
      <![CDATA[Opened HRMS application in firefox browser ]]>
    </line>
  </reporter-output>
  <suite started-at="2023-03-21T09:48:57Z" name="prarllel Suites" finished-at="2023-03-21T09:49:08Z" duration-ms="10878">
    <groups>
    </groups>
    <test started-at="2023-03-21T09:48:57Z" name="Test in GC" finished-at="2023-03-21T09:49:05Z" duration-ms="7790">
      <class name="com.hrms.parallel.Parallel2">
        <test-method is-config="true" signature="setUp(java.lang.String)[pri:0, instance:com.hrms.parallel.Parallel2@1fa1cab1]" started-at="2023-03-21T15:18:57Z" name="setUp" finished-at="2023-03-21T15:18:59Z" duration-ms="1774" status="PASS">
          <params>
            <param index="0">
              <value>
                <![CDATA[Chrome]]>
              </value>
            </param>
          </params>
          <reporter-output>
          </reporter-output>
        </test-method> <!-- setUp -->
        <test-method signature="openFF()[pri:0, instance:com.hrms.parallel.Parallel2@1fa1cab1]" started-at="2023-03-21T15:18:59Z" name="openFF" finished-at="2023-03-21T15:19:05Z" duration-ms="5721" status="PASS">
          <reporter-output>
            <line>
              <![CDATA[Opened google page in Chrome browser ]]>
            </line>
          </reporter-output>
        </test-method> <!-- openFF -->
        <test-method is-config="true" signature="tearDown()[pri:0, instance:com.hrms.parallel.Parallel2@1fa1cab1]" started-at="2023-03-21T15:19:05Z" name="tearDown" finished-at="2023-03-21T15:19:05Z" duration-ms="276" status="PASS">
          <reporter-output>
          </reporter-output>
        </test-method> <!-- tearDown -->
      </class> <!-- com.hrms.parallel.Parallel2 -->
    </test> <!-- Test in GC -->
    <test started-at="2023-03-21T09:48:57Z" name="Test in FF" finished-at="2023-03-21T09:49:08Z" duration-ms="10878">
      <class name="com.hrms.parallel.Paralle1">
        <test-method is-config="true" signature="setUp(java.lang.String)[pri:0, instance:com.hrms.parallel.Paralle1@1800a575]" started-at="2023-03-21T15:18:57Z" name="setUp" finished-at="2023-03-21T15:19:02Z" duration-ms="4707" status="PASS">
          <params>
            <param index="0">
              <value>
                <![CDATA[Firefox]]>
              </value>
            </param>
          </params>
          <reporter-output>
          </reporter-output>
        </test-method> <!-- setUp -->
        <test-method signature="openFF()[pri:0, instance:com.hrms.parallel.Paralle1@1800a575]" started-at="2023-03-21T15:19:02Z" name="openFF" finished-at="2023-03-21T15:19:06Z" duration-ms="4470" status="PASS">
          <reporter-output>
            <line>
              <![CDATA[Opened HRMS application in firefox browser ]]>
            </line>
          </reporter-output>
        </test-method> <!-- openFF -->
        <test-method is-config="true" signature="tearDown()[pri:0, instance:com.hrms.parallel.Paralle1@1800a575]" started-at="2023-03-21T15:19:06Z" name="tearDown" finished-at="2023-03-21T15:19:08Z" duration-ms="1685" status="PASS">
          <reporter-output>
          </reporter-output>
        </test-method> <!-- tearDown -->
      </class> <!-- com.hrms.parallel.Paralle1 -->
    </test> <!-- Test in FF -->
  </suite> <!-- prarllel Suites -->
</testng-results>
